0 verbose cli /data/data/com.termux/files/usr/bin/node /data/data/com.termux/files/usr/bin/npm
1 info using npm@11.5.1
2 info using node@v24.5.0
3 silly config load:file:/data/data/com.termux/files/usr/lib/node_modules/npm/npmrc
4 silly config load:file:/data/data/com.termux/files/home/.npmrc
5 silly config load:file:/data/data/com.termux/files/usr/etc/npmrc
6 verbose title npm install npm yarn
7 verbose argv "install" "--global" "npm" "yarn"
8 verbose logfile logs-max:10 dir:/data/data/com.termux/files/home/.npm/_logs/2025-08-12T05_18_10_313Z-
9 verbose logfile /data/data/com.termux/files/home/.npm/_logs/2025-08-12T05_18_10_313Z-debug-0.log
10 silly logfile done cleaning log files
11 http fetch GET 200 https://registry.npmjs.org/npm 602ms (cache miss)
12 verbose stack Error: Can't install npm globally as it will very likely break installation of global packages using npm. See https://github.com/termux/termux-packages/issues/13293
12 verbose stack     at Install.exec (/data/data/com.termux/files/usr/lib/node_modules/npm/lib/commands/install.js:132:17)
12 verbose stack     at async Npm.exec (/data/data/com.termux/files/usr/lib/node_modules/npm/lib/npm.js:208:9)
12 verbose stack     at async module.exports (/data/data/com.termux/files/usr/lib/node_modules/npm/lib/cli/entry.js:60:5)
13 error Can't install npm globally as it will very likely break installation of global packages using npm. See https://github.com/termux/termux-packages/issues/13293
14 verbose cwd /data/data/com.termux/files/home
15 verbose os Linux 5.15.167-android13-8-31192385-abA057MUBSADYG1
16 verbose node v24.5.0
17 verbose npm  v11.5.1
18 verbose exit 1
19 verbose code 1
20 error A complete log of this run can be found in: /data/data/com.termux/files/home/.npm/_logs/2025-08-12T05_18_10_313Z-debug-0.log
